ruleId: SOLIDITY_ADDRESS_HARDCODED
patternId: b140cd
severity: 1
line: 38
column: 48
content: 0x80ac58cd

ruleId: SOLIDITY_ADDRESS_HARDCODED
patternId: b140cd
severity: 1
line: 52
column: 54
content: 0x4f558e79

ruleId: SOLIDITY_ADDRESS_HARDCODED
patternId: b140cd
severity: 1
line: 58
column: 58
content: 0x780e9d63

ruleId: SOLIDITY_ADDRESS_HARDCODED
patternId: b140cd
severity: 1
line: 66
column: 56
content: 0x5b5e139f

ruleId: SOLIDITY_ADDRESS_HARDCODED
patternId: b140cd
severity: 1
line: 173
column: 45
content: 0x150b7a02

ruleId: SOLIDITY_ADDRESS_HARDCODED
patternId: b140cd
severity: 1
line: 298
column: 46
content: 0x01ffc9a7

ruleId: SOLIDITY_ADDRESS_HARDCODED
patternId: b140cd
severity: 1
line: 336
column: 28
content: 0xffffffff

ruleId: SOLIDITY_ADDRESS_HARDCODED
patternId: b140cd
severity: 1
line: 362
column: 44
content: 0x150b7a02

ruleId: SOLIDITY_ADDRESS_HARDCODED
patternId: a91b18
severity: 1
line: 602
column: 6
content: tokenApprovals[_tokenId]=address(0)

ruleId: SOLIDITY_ADDRESS_HARDCODED
patternId: a91b18
severity: 1
line: 625
column: 4
content: tokenOwner[_tokenId]=address(0)

ruleId: SOLIDITY_ADDRESS_HARDCODED
patternId: a91b18
severity: 1
line: 931
column: 8
content: _owner=address(0)

ruleId: SOLIDITY_ARRAY_LENGTH_MANIPULATION
patternId: 872bdd
severity: 1
line: 806
column: 4
content: ownedTokens[_from].length--

ruleId: SOLIDITY_ARRAY_LENGTH_MANIPULATION
patternId: 872bdd
severity: 1
line: 851
column: 4
content: allTokens.length--

ruleId: SOLIDITY_ERC20_APPROVE
patternId: af782c
severity: 2
line: 423
column: 2
content: functionapprove(address_to,uint256_tokenId)public{addressowner=ownerOf(_tokenId);require(_to!=owner);require(msg.sender==owner||isApprovedForAll(owner,msg.sender));tokenApprovals[_tokenId]=_to;emitApproval(owner,_to,_tokenId);}

ruleId: SOLIDITY_PRAGMAS_VERSION
patternId: 23fc32
severity: 1
line: 5
column: 16
content: ^

ruleId: SOLIDITY_PRAGMAS_VERSION
patternId: 23fc32
severity: 1
line: 28
column: 16
content: ^

ruleId: SOLIDITY_PRAGMAS_VERSION
patternId: 23fc32
severity: 1
line: 117
column: 16
content: ^

ruleId: SOLIDITY_PRAGMAS_VERSION
patternId: 23fc32
severity: 1
line: 159
column: 16
content: ^

ruleId: SOLIDITY_PRAGMAS_VERSION
patternId: 23fc32
severity: 1
line: 200
column: 16
content: ^

ruleId: SOLIDITY_PRAGMAS_VERSION
patternId: 23fc32
severity: 1
line: 255
column: 16
content: ^

ruleId: SOLIDITY_PRAGMAS_VERSION
patternId: 23fc32
severity: 1
line: 287
column: 16
content: ^

ruleId: SOLIDITY_PRAGMAS_VERSION
patternId: 23fc32
severity: 1
line: 343
column: 16
content: ^

ruleId: SOLIDITY_PRAGMAS_VERSION
patternId: 23fc32
severity: 1
line: 657
column: 16
content: ^

ruleId: SOLIDITY_PRAGMAS_VERSION
patternId: 23fc32
severity: 1
line: 860
column: 16
content: ^

ruleId: SOLIDITY_PRAGMAS_VERSION
patternId: 23fc32
severity: 1
line: 956
column: 16
content: ^

ruleId: SOLIDITY_PRIVATE_MODIFIER_DONT_HIDE_DATA
patternId: 5616b2
severity: 1
line: 362
column: 9
content: private

ruleId: SOLIDITY_PRIVATE_MODIFIER_DONT_HIDE_DATA
patternId: 5616b2
severity: 1
line: 887
column: 12
content: private

ruleId: SOLIDITY_SAFEMATH
patternId: 837cac
severity: 1
line: 357
column: 2
content: usingSafeMathforuint256;

ruleId: SOLIDITY_SHOULD_NOT_BE_VIEW
patternId: 189abf
severity: 1
line: 270
column: 2
content: functionisContract(address_addr)internalviewreturns(bool){uint256size;assembly{size:=extcodesize(_addr)}returnsize>0;}

ruleId: SOLIDITY_UPGRADE_TO_050
patternId: 341gim
severity: 1
line: 110
column: 4
content: bytes_data

ruleId: SOLIDITY_UPGRADE_TO_050
patternId: 341gim
severity: 1
line: 146
column: 59
content: string

ruleId: SOLIDITY_UPGRADE_TO_050
patternId: 341gim
severity: 1
line: 192
column: 4
content: bytes_data

ruleId: SOLIDITY_UPGRADE_TO_050
patternId: 341gim
severity: 1
line: 535
column: 4
content: bytes_data

ruleId: SOLIDITY_UPGRADE_TO_050
patternId: 341gim
severity: 1
line: 641
column: 4
content: bytes_data

ruleId: SOLIDITY_UPGRADE_TO_050
patternId: 341gim
severity: 1
line: 695
column: 14
content: string_name

ruleId: SOLIDITY_UPGRADE_TO_050
patternId: 341gim
severity: 1
line: 695
column: 28
content: string_symbol

ruleId: SOLIDITY_UPGRADE_TO_050
patternId: 341gim
severity: 1
line: 725
column: 59
content: string

ruleId: SOLIDITY_UPGRADE_TO_050
patternId: 341gim
severity: 1
line: 773
column: 42
content: string_uri

SOLIDITY_SAFEMATH :1
SOLIDITY_PRAGMAS_VERSION :11
SOLIDITY_ARRAY_LENGTH_MANIPULATION :2
SOLIDITY_PRIVATE_MODIFIER_DONT_HIDE_DATA :2
SOLIDITY_ADDRESS_HARDCODED :11
SOLIDITY_UPGRADE_TO_050 :9
SOLIDITY_SHOULD_NOT_BE_VIEW :1
SOLIDITY_ERC20_APPROVE :1